# JRE version: OpenJDK Runtime Environment JBR-25+36-176.4-nomod (25.0+36) (build 25+36-b176.4)
# Java VM: OpenJDK 64-Bit Server VM JBR-25+36-176.4-nomod (25+36-b176.4, mixed mode, sharing, tiered, compressed oops, compressed class ptrs, g1 gc, windows-amd64)
GC Precious Log:
 CardTable entry size: 512
 Card Set container configuration: InlinePtr #cards 4 size 8 Array Of Cards #cards 16 size 48 Howl #buckets 8 coarsen threshold 3686 Howl Bitmap #cards 512 size 80 coarsen threshold 460 Card regions per heap region 1 cards per card region 4096
 CPUs: 22 total, 22 available
 Memory: 15741M
 Large Page Support: Disabled
 NUMA Support: Disabled
 Compressed Oops: Enabled (Zero based)
 Heap Region Size: 2M
 Heap Min Capacity: 8M
 Heap Initial Capacity: 246M
 Heap Max Capacity: 3936M
 Pre-touch: Disabled
 Parallel Workers: 16
 Concurrent Workers: 4
 Concurrent Refinement Workers: 16
 Periodic GC: Disabled
Heap:
 garbage-first heap   total reserved 4030464K, committed 301056K, used 282505K [0x000000070a000000, 0x0000000800000000)
  region size 2048K, 86 young (176128K), 7 survivors (14336K)
GC Heap Usage History (20 events):
Event: 2200.075 {heap After GC invocations=126 (full 0):
 garbage-first heap   total reserved 4030464K, committed 237568K, used 108318K [0x000000070a000000, 0x0000000800000000)
  region size 2048K, 6 young (12288K), 6 survivors (12288K)
}
Event: 2201.352 {heap Before GC invocations=127 (full 0):
 garbage-first heap   total reserved 4030464K, committed 237568K, used 223006K [0x000000070a000000, 0x0000000800000000)
  region size 2048K, 62 young (126976K), 6 survivors (12288K)
}
Event: 2201.365 {heap After GC invocations=128 (full 0):
 garbage-first heap   total reserved 4030464K, committed 239616K, used 109745K [0x000000070a000000, 0x0000000800000000)
  region size 2048K, 5 young (10240K), 5 survivors (10240K)
}
Event: 2202.398 {heap Before GC invocations=128 (full 0):
 garbage-first heap   total reserved 4030464K, committed 239616K, used 222385K [0x000000070a000000, 0x0000000800000000)
  region size 2048K, 60 young (122880K), 5 survivors (10240K)
}
Event: 2202.412 {heap After GC invocations=129 (full 0):
 garbage-first heap   total reserved 4030464K, committed 239616K, used 108943K [0x000000070a000000, 0x0000000800000000)
  region size 2048K, 6 young (12288K), 6 survivors (12288K)
}
Event: 2203.871 {heap Before GC invocations=129 (full 0):
 garbage-first heap   total reserved 4030464K, committed 239616K, used 221583K [0x000000070a000000, 0x0000000800000000)
  region size 2048K, 61 young (124928K), 6 survivors (12288K)
}
Event: 2203.884 {heap After GC invocations=130 (full 0):
 garbage-first heap   total reserved 4030464K, committed 239616K, used 109565K [0x000000070a000000, 0x0000000800000000)
  region size 2048K, 4 young (8192K), 4 survivors (8192K)
}
Event: 2205.614 {heap Before GC invocations=131 (full 0):
 garbage-first heap   total reserved 4030464K, committed 239616K, used 222205K [0x000000070a000000, 0x0000000800000000)
  region size 2048K, 60 young (122880K), 4 survivors (8192K)
}
Event: 2205.625 {heap After GC invocations=132 (full 0):
 garbage-first heap   total reserved 4030464K, committed 239616K, used 110580K [0x000000070a000000, 0x0000000800000000)
  region size 2048K, 5 young (10240K), 5 survivors (10240K)
}
Event: 2206.780 {heap Before GC invocations=132 (full 0):
 garbage-first heap   total reserved 4030464K, committed 239616K, used 221172K [0x000000070a000000, 0x0000000800000000)
  region size 2048K, 60 young (122880K), 5 survivors (10240K)
}
Event: 2206.807 {heap After GC invocations=133 (full 0):
 garbage-first heap   total reserved 4030464K, committed 243712K, used 114433K [0x000000070a000000, 0x0000000800000000)
  region size 2048K, 7 young (14336K), 7 survivors (14336K)
}
Event: 2207.811 {heap Before GC invocations=133 (full 0):
 garbage-first heap   total reserved 4030464K, committed 243712K, used 225025K [0x000000070a000000, 0x0000000800000000)
  region size 2048K, 62 young (126976K), 7 survivors (14336K)
}
Event: 2207.828 {heap After GC invocations=134 (full 0):
 garbage-first heap   total reserved 4030464K, committed 292864K, used 113978K [0x000000070a000000, 0x0000000800000000)
  region size 2048K, 5 young (10240K), 5 survivors (10240K)
}
Event: 2232.732 {heap Before GC invocations=135 (full 0):
 garbage-first heap   total reserved 4030464K, committed 292864K, used 273722K [0x000000070a000000, 0x0000000800000000)
  region size 2048K, 84 young (172032K), 5 survivors (10240K)
}
Event: 2232.775 {heap After GC invocations=136 (full 0):
 garbage-first heap   total reserved 4030464K, committed 292864K, used 118780K [0x000000070a000000, 0x0000000800000000)
  region size 2048K, 7 young (14336K), 7 survivors (14336K)
}
Event: 2257.194 {heap Before GC invocations=136 (full 0):
 garbage-first heap   total reserved 4030464K, committed 292864K, used 274428K [0x000000070a000000, 0x0000000800000000)
  region size 2048K, 84 young (172032K), 7 survivors (14336K)
}
Event: 2257.217 {heap After GC invocations=137 (full 0):
 garbage-first heap   total reserved 4030464K, committed 299008K, used 118458K [0x000000070a000000, 0x0000000800000000)
  region size 2048K, 8 young (16384K), 8 survivors (16384K)
}
Event: 2258.502 {heap Before GC invocations=137 (full 0):
 garbage-first heap   total reserved 4030464K, committed 299008K, used 280250K [0x000000070a000000, 0x0000000800000000)
  region size 2048K, 87 young (178176K), 8 survivors (16384K)
}
Event: 2258.515 {heap After GC invocations=138 (full 0):
 garbage-first heap   total reserved 4030464K, committed 299008K, used 120713K [0x000000070a000000, 0x0000000800000000)
  region size 2048K, 7 young (14336K), 7 survivors (14336K)
}
Event: 2259.873 {heap Before GC invocations=139 (full 0):
 garbage-first heap   total reserved 4030464K, committed 299008K, used 280457K [0x000000070a000000, 0x0000000800000000)
  region size 2048K, 86 young (176128K), 7 survivors (14336K)
}

